<?xml version="1.0" encoding="UTF-8" ?>
<testsuite tests="1" failures="0" name="TestSuite" time="2.117" errors="0" skipped="0">
  <properties>
    <property name="idea.version" value="2021.1"/>
    <property name="java.runtime.name" value="Java(TM) SE Runtime Environment"/>
    <property name="sun.boot.library.path" value="C:\Program Files\Java\jdk1.8.0_144\jre\bin"/>
    <property name="java.vm.version" value="25.144-b01"/>
    <property name="java.vm.vendor" value="Oracle Corporation"/>
    <property name="java.vendor.url" value="http://java.oracle.com/"/>
    <property name="path.separator" value=";"/>
    <property name="java.vm.name" value="Java HotSpot(TM) 64-Bit Server VM"/>
    <property name="file.encoding.pkg" value="sun.io"/>
    <property name="user.script" value=""/>
    <property name="user.country" value="CN"/>
    <property name="sun.java.launcher" value="SUN_STANDARD"/>
    <property name="sun.os.patch.level" value=""/>
    <property name="java.vm.specification.name" value="Java Virtual Machine Specification"/>
    <property name="user.dir" value="D:\IdeaMaven\autotest"/>
    <property name="java.runtime.version" value="1.8.0_144-b01"/>
    <property name="java.awt.graphicsenv" value="sun.awt.Win32GraphicsEnvironment"/>
    <property name="basedir" value="D:\IdeaMaven\autotest"/>
    <property name="java.endorsed.dirs" value="C:\Program Files\Java\jdk1.8.0_144\jre\lib\endorsed"/>
    <property name="os.arch" value="amd64"/>
    <property name="surefire.real.class.path" value="D:\IdeaMaven\autotest\target\surefire\surefirebooter6948501870728512397.jar"/>
    <property name="java.io.tmpdir" value="C:\Users\888\AppData\Local\Temp\"/>
    <property name="line.separator" value="
"/>
    <property name="java.vm.specification.vendor" value="Oracle Corporation"/>
    <property name="user.variant" value=""/>
    <property name="os.name" value="Windows 10"/>
    <property name="sun.jnu.encoding" value="GBK"/>
    <property name="java.library.path" value="C:\Program Files\Java\jdk1.8.0_144\jre\bin;C:\WINDOWS\Sun\Java\bin;C:\WINDOWS\system32;C:\WINDOWS;C:\Program Files (x86)\Razer Chroma SDK\bin;C:\Program Files\Razer Chroma SDK\bin;C:\Program Files (x86)\Common Files\Oracle\Java\javapath;C:\Program Files\Java\jdk1.8.0_144\bin;C:\ProgramData\Oracle\Java\javapath;C:\Program Files (x86)\Razer\ChromaBroadcast\bin;C:\Program Files\Razer\ChromaBroadcast\bin;C:\WINDOWS\system32;C:\WINDOWS;C:\WINDOWS\System32\Wbem;C:\WINDOWS\System32\WindowsPowerShell\v1.0\;C:\WINDOWS\System32\OpenSSH\;C:\Program Files\NVIDIA Corporation\NVIDIA NvDLISR;C:\Program Files (x86)\NVIDIA Corporation\PhysX\Common;C:\Users\888\AppData\Local\Microsoft\WindowsApps;D:\apache-maven-3.6.2\bin;C:\WINDOWS\system32\config\systemprofile\AppData\Local\Microsoft\WindowsApps;C:\Program Files\Java\jdk1.8.0_144\bin;C:\Program Files\Java\jdk1.8.0_144\jre\bin;C:\Program Files\Git\cmd;C:\Users\888\AppData\Local\Microsoft\WindowsApps;;."/>
    <property name="surefire.test.class.path" value="D:\IdeaMaven\autotest\target\test-classes;D:\IdeaMaven\autotest\target\classes;D:\local\java\repo\org\testng\testng\6.8.3\testng-6.8.3.jar;D:\local\java\repo\junit\junit\4.10\junit-4.10.jar;D:\local\java\repo\org\hamcrest\hamcrest-core\1.1\hamcrest-core-1.1.jar;D:\local\java\repo\org\beanshell\bsh\2.0b4\bsh-2.0b4.jar;D:\local\java\repo\com\beust\jcommander\1.27\jcommander-1.27.jar;D:\local\java\repo\org\yaml\snakeyaml\1.6\snakeyaml-1.6.jar;D:\local\java\repo\org\apache\poi\poi-ooxml\3.17\poi-ooxml-3.17.jar;D:\local\java\repo\org\apache\poi\poi\3.17\poi-3.17.jar;D:\local\java\repo\org\apache\commons\commons-collections4\4.1\commons-collections4-4.1.jar;D:\local\java\repo\org\apache\poi\poi-ooxml-schemas\3.17\poi-ooxml-schemas-3.17.jar;D:\local\java\repo\org\apache\xmlbeans\xmlbeans\2.6.0\xmlbeans-2.6.0.jar;D:\local\java\repo\stax\stax-api\1.0.1\stax-api-1.0.1.jar;D:\local\java\repo\com\github\virtuald\curvesapi\1.04\curvesapi-1.04.jar;D:\local\java\repo\org\apache\httpcomponents\httpclient\4.5.9\httpclient-4.5.9.jar;D:\local\java\repo\org\apache\httpcomponents\httpcore\4.4.11\httpcore-4.4.11.jar;D:\local\java\repo\commons-codec\commons-codec\1.11\commons-codec-1.11.jar;D:\local\java\repo\org\uncommons\reportng\1.1.4\reportng-1.1.4.jar;D:\local\java\repo\velocity\velocity\1.4\velocity-1.4.jar;D:\local\java\repo\velocity\velocity-dep\1.4\velocity-dep-1.4.jar;D:\local\java\repo\com\google\inject\guice\4.0\guice-4.0.jar;D:\local\java\repo\javax\inject\javax.inject\1\javax.inject-1.jar;D:\local\java\repo\aopalliance\aopalliance\1.0\aopalliance-1.0.jar;D:\local\java\repo\com\google\guava\guava\16.0.1\guava-16.0.1.jar;D:\local\java\repo\com\alibaba\fastjson\1.2.49\fastjson-1.2.49.jar;D:\local\java\repo\log4j\log4j\1.2.16\log4j-1.2.16.jar;D:\local\java\repo\commons-logging\commons-logging\1.2\commons-logging-1.2.jar;D:\local\java\repo\commons-dbcp\commons-dbcp\1.4\commons-dbcp-1.4.jar;D:\local\java\repo\commons-pool\commons-pool\1.5.4\commons-pool-1.5.4.jar;D:\local\java\repo\mysql\mysql-connector-java\5.1.48\mysql-connector-java-5.1.48.jar;"/>
    <property name="java.specification.name" value="Java Platform API Specification"/>
    <property name="java.class.version" value="52.0"/>
    <property name="sun.management.compiler" value="HotSpot 64-Bit Tiered Compilers"/>
    <property name="maven.repo.local" value="D:\local\java\repo"/>
    <property name="os.version" value="10.0"/>
    <property name="user.home" value="C:\Users\888"/>
    <property name="user.timezone" value="Asia/Shanghai"/>
    <property name="java.awt.printerjob" value="sun.awt.windows.WPrinterJob"/>
    <property name="java.specification.version" value="1.8"/>
    <property name="file.encoding" value="UTF-8"/>
    <property name="user.name" value="888"/>
    <property name="java.class.path" value="D:\IdeaMaven\autotest\target\test-classes;D:\IdeaMaven\autotest\target\classes;D:\local\java\repo\org\testng\testng\6.8.3\testng-6.8.3.jar;D:\local\java\repo\junit\junit\4.10\junit-4.10.jar;D:\local\java\repo\org\hamcrest\hamcrest-core\1.1\hamcrest-core-1.1.jar;D:\local\java\repo\org\beanshell\bsh\2.0b4\bsh-2.0b4.jar;D:\local\java\repo\com\beust\jcommander\1.27\jcommander-1.27.jar;D:\local\java\repo\org\yaml\snakeyaml\1.6\snakeyaml-1.6.jar;D:\local\java\repo\org\apache\poi\poi-ooxml\3.17\poi-ooxml-3.17.jar;D:\local\java\repo\org\apache\poi\poi\3.17\poi-3.17.jar;D:\local\java\repo\org\apache\commons\commons-collections4\4.1\commons-collections4-4.1.jar;D:\local\java\repo\org\apache\poi\poi-ooxml-schemas\3.17\poi-ooxml-schemas-3.17.jar;D:\local\java\repo\org\apache\xmlbeans\xmlbeans\2.6.0\xmlbeans-2.6.0.jar;D:\local\java\repo\stax\stax-api\1.0.1\stax-api-1.0.1.jar;D:\local\java\repo\com\github\virtuald\curvesapi\1.04\curvesapi-1.04.jar;D:\local\java\repo\org\apache\httpcomponents\httpclient\4.5.9\httpclient-4.5.9.jar;D:\local\java\repo\org\apache\httpcomponents\httpcore\4.4.11\httpcore-4.4.11.jar;D:\local\java\repo\commons-codec\commons-codec\1.11\commons-codec-1.11.jar;D:\local\java\repo\org\uncommons\reportng\1.1.4\reportng-1.1.4.jar;D:\local\java\repo\velocity\velocity\1.4\velocity-1.4.jar;D:\local\java\repo\velocity\velocity-dep\1.4\velocity-dep-1.4.jar;D:\local\java\repo\com\google\inject\guice\4.0\guice-4.0.jar;D:\local\java\repo\javax\inject\javax.inject\1\javax.inject-1.jar;D:\local\java\repo\aopalliance\aopalliance\1.0\aopalliance-1.0.jar;D:\local\java\repo\com\google\guava\guava\16.0.1\guava-16.0.1.jar;D:\local\java\repo\com\alibaba\fastjson\1.2.49\fastjson-1.2.49.jar;D:\local\java\repo\log4j\log4j\1.2.16\log4j-1.2.16.jar;D:\local\java\repo\commons-logging\commons-logging\1.2\commons-logging-1.2.jar;D:\local\java\repo\commons-dbcp\commons-dbcp\1.4\commons-dbcp-1.4.jar;D:\local\java\repo\commons-pool\commons-pool\1.5.4\commons-pool-1.5.4.jar;D:\local\java\repo\mysql\mysql-connector-java\5.1.48\mysql-connector-java-5.1.48.jar;"/>
    <property name="java.vm.specification.version" value="1.8"/>
    <property name="sun.arch.data.model" value="64"/>
    <property name="java.home" value="C:\Program Files\Java\jdk1.8.0_144\jre"/>
    <property name="sun.java.command" value="D:\IdeaMaven\autotest\target\surefire\surefirebooter6948501870728512397.jar D:\IdeaMaven\autotest\target\surefire\surefire3172847716682289951tmp D:\IdeaMaven\autotest\target\surefire\surefire3082097736373190213tmp"/>
    <property name="java.specification.vendor" value="Oracle Corporation"/>
    <property name="user.language" value="zh"/>
    <property name="awt.toolkit" value="sun.awt.windows.WToolkit"/>
    <property name="java.vm.info" value="mixed mode"/>
    <property name="java.version" value="1.8.0_144"/>
    <property name="java.ext.dirs" value="C:\Program Files\Java\jdk1.8.0_144\jre\lib\ext;C:\WINDOWS\Sun\Java\lib\ext"/>
    <property name="sun.boot.class.path" value="C:\Program Files\Java\jdk1.8.0_144\jre\lib\resources.jar;C:\Program Files\Java\jdk1.8.0_144\jre\lib\rt.jar;C:\Program Files\Java\jdk1.8.0_144\jre\lib\sunrsasign.jar;C:\Program Files\Java\jdk1.8.0_144\jre\lib\jsse.jar;C:\Program Files\Java\jdk1.8.0_144\jre\lib\jce.jar;C:\Program Files\Java\jdk1.8.0_144\jre\lib\charsets.jar;C:\Program Files\Java\jdk1.8.0_144\jre\lib\jfr.jar;C:\Program Files\Java\jdk1.8.0_144\jre\classes"/>
    <property name="java.vendor" value="Oracle Corporation"/>
    <property name="localRepository" value="D:\local\java\repo"/>
    <property name="file.separator" value="\"/>
    <property name="java.vendor.url.bug" value="http://bugreport.sun.com/bugreport/"/>
    <property name="sun.cpu.endian" value="little"/>
    <property name="sun.io.unicode.encoding" value="UnicodeLittle"/>
    <property name="sun.desktop" value="windows"/>
    <property name="sun.cpu.isalist" value="amd64"/>
  </properties>
  <testcase classname="com.youceedu.interf.util.ExcelUtilTest" name="testHttpReq" time="0.511"/>
</testsuite>