<?xml version="1.0" encoding="UTF-8"?>
<!-- Generated by org.testng.reporters.JUnitReportReporter -->
<testsuite hostname="DESKTOP-BI9KCPI" name="com.youceedu.interf.util.ExcelUtilTest" tests="1" failures="0" timestamp="4 Jun 2021 14:24:05 GMT" time="0.512" errors="0">
  <testcase name="testHttpReq" time="0.512" classname="com.youceedu.interf.util.ExcelUtilTest"/>
</testsuite> <!-- com.youceedu.interf.util.ExcelUtilTest -->
